INFO: [VRFC 10-2263] Analyzing Verilog file "E:/vivado_project/MD5_EECE/MD5_EECE.sim/sim_1/synth/func/xsim/testbench_func_synth.v" into library xil_defaultlib
INFO: [VRFC 10-311] analyzing module QSPI_slave_tp
INFO: [VRFC 10-311] analyzing module blk_mem_gen_0
INFO: [VRFC 10-311] analyzing module md5_iterative
INFO: [VRFC 10-311] analyzing module md5_operation
INFO: [VRFC 10-311] analyzing module qspi_adder
INFO: [VRFC 10-311] analyzing module qspi_slave
INFO: [VRFC 10-311] analyzing module blk_mem_gen_0__blk_mem_gen_generic_cstr
INFO: [VRFC 10-311] analyzing module blk_mem_gen_0__blk_mem_gen_prim_width
INFO: [VRFC 10-311] analyzing module blk_mem_gen_0__blk_mem_gen_prim_wrapper
INFO: [VRFC 10-311] analyzing module blk_mem_gen_0__blk_mem_gen_top
INFO: [VRFC 10-311] analyzing module blk_mem_gen_0__blk_mem_gen_v8_4_2
INFO: [VRFC 10-311] analyzing module blk_mem_gen_0__blk_mem_gen_v8_4_2_synth
INFO: [VRFC 10-311] analyzing module glbl
INFO: [VRFC 10-2263] Analyzing Verilog file "E:/vivado_project/MD5_EECE/MD5_EECE.srcs/sources_1/new/md5_iterative.v" into library xil_defaultlib
INFO: [VRFC 10-311] analyzing module md5_iterative
WARNING: [VRFC 10-3676] redeclaration of ansi port 'digest_o' is not allowed [E:/vivado_project/MD5_EECE/MD5_EECE.srcs/sources_1/new/md5_iterative.v:34]
WARNING: [VRFC 10-3609] overwriting previous definition of module 'md5_iterative' [E:/vivado_project/MD5_EECE/MD5_EECE.srcs/sources_1/new/md5_iterative.v:28]
INFO: [VRFC 10-2263] Analyzing Verilog file "E:/vivado_project/MD5_EECE/MD5_EECE.srcs/sources_1/new/md5_operation.v" into library xil_defaultlib
INFO: [VRFC 10-311] analyzing module md5_operation
WARNING: [VRFC 10-3609] overwriting previous definition of module 'md5_operation' [E:/vivado_project/MD5_EECE/MD5_EECE.srcs/sources_1/new/md5_operation.v:29]
INFO: [VRFC 10-2263] Analyzing Verilog file "E:/vivado_project/MD5_EECE/MD5_EECE.srcs/sources_1/new/qspi_adder.v" into library xil_defaultlib
INFO: [VRFC 10-311] analyzing module qspi_adder
WARNING: [VRFC 10-3609] overwriting previous definition of module 'qspi_adder' [E:/vivado_project/MD5_EECE/MD5_EECE.srcs/sources_1/new/qspi_adder.v:23]
INFO: [VRFC 10-2263] Analyzing Verilog file "E:/vivado_project/MD5_EECE/MD5_EECE.srcs/sim_1/new/testbench.v" into library xil_defaultlib
INFO: [VRFC 10-311] analyzing module testbench
