Copyright 1986-2018 Xilinx, Inc. All Rights Reserved.
------------------------------------------------------------------------------------------
| Tool Version : Vivado v.2018.3 (win64) Build 2405991 Thu Dec  6 23:38:27 MST 2018
| Date         : Sat Aug  1 11:14:09 2020
| Host         : LAPTOP-482CQQ01 running 64-bit major release  (build 9200)
| Command      : report_control_sets -verbose -file QSPI_slave_tp_control_sets_placed.rpt
| Design       : QSPI_slave_tp
| Device       : xc7s15
------------------------------------------------------------------------------------------

Control Set Information

Table of Contents
-----------------
1. Summary
2. Histogram
3. Flip-Flop Distribution
4. Detailed Control Set Information

1. Summary
----------

+----------------------------------------------------------+-------+
|                          Status                          | Count |
+----------------------------------------------------------+-------+
| Number of unique control sets                            |    24 |
| Unused register locations in slices containing registers |    25 |
+----------------------------------------------------------+-------+


2. Histogram
------------

+--------+--------------+
| Fanout | Control Sets |
+--------+--------------+
|      1 |            1 |
|      3 |            1 |
|      4 |            2 |
|      8 |           13 |
|    16+ |            7 |
+--------+--------------+


3. Flip-Flop Distribution
-------------------------

+--------------+-----------------------+------------------------+-----------------+--------------+
| Clock Enable | Synchronous Set/Reset | Asynchronous Set/Reset | Total Registers | Total Slices |
+--------------+-----------------------+------------------------+-----------------+--------------+
| No           | No                    | No                     |               3 |            2 |
| No           | No                    | Yes                    |              46 |           17 |
| No           | Yes                   | No                     |             134 |           38 |
| Yes          | No                    | No                     |             352 |           88 |
| Yes          | No                    | Yes                    |             112 |           21 |
| Yes          | Yes                   | No                     |             128 |           33 |
+--------------+-----------------------+------------------------+-----------------+--------------+


4. Detailed Control Set Information
-----------------------------------

+-----------------------+----------------------------------+---------------------------+------------------+----------------+
|      Clock Signal     |           Enable Signal          |      Set/Reset Signal     | Slice Load Count | Bel Load Count |
+-----------------------+----------------------------------+---------------------------+------------------+----------------+
| ~I_qspi_clk_IBUF_BUFG |                                  | I_qspi_cs_IBUF            |                1 |              1 |
|  clk_IBUF_BUFG        |                                  |                           |                2 |              3 |
|  I_qspi_clk_IBUF_BUFG | u_qspi_slave/addr0               | I_qspi_cs_IBUF            |                1 |              4 |
|  I_qspi_clk_IBUF_BUFG | u_qspi_slave/R_o_data[7]_i_1_n_0 | I_qspi_cs_IBUF            |                1 |              4 |
|  clk_IBUF_BUFG        | u_qspi/mem                       | u_qspi/mem[11][7]_i_2_n_0 |                1 |              8 |
|  clk_IBUF_BUFG        | u_qspi/mem[3][7]_i_1_n_0         | u_qspi/mem[11][7]_i_2_n_0 |                1 |              8 |
|  clk_IBUF_BUFG        | u_qspi/mem[11][7]_i_1_n_0        | u_qspi/mem[11][7]_i_2_n_0 |                1 |              8 |
|  clk_IBUF_BUFG        | u_qspi/mem[2][7]_i_1_n_0         | u_qspi/mem[11][7]_i_2_n_0 |                1 |              8 |
|  clk_IBUF_BUFG        | u_qspi/mem[6][7]_i_1_n_0         | u_qspi/mem[11][7]_i_2_n_0 |                1 |              8 |
|  clk_IBUF_BUFG        | u_qspi/mem[1][7]_i_1_n_0         | u_qspi/mem[11][7]_i_2_n_0 |                1 |              8 |
|  clk_IBUF_BUFG        | u_qspi/mem[8][7]_i_1_n_0         | u_qspi/mem[11][7]_i_2_n_0 |                2 |              8 |
|  clk_IBUF_BUFG        | u_qspi/mem[9][7]_i_1_n_0         | u_qspi/mem[11][7]_i_2_n_0 |                2 |              8 |
|  clk_IBUF_BUFG        | u_qspi/mem[4][7]_i_1_n_0         | u_qspi/mem[11][7]_i_2_n_0 |                4 |              8 |
|  clk_IBUF_BUFG        | u_qspi/mem[7][7]_i_1_n_0         | u_qspi/mem[11][7]_i_2_n_0 |                1 |              8 |
|  clk_IBUF_BUFG        | u_qspi/mem[5][7]_i_1_n_0         | u_qspi/mem[11][7]_i_2_n_0 |                1 |              8 |
|  clk_IBUF_BUFG        | u_qspi/mem[10][7]_i_1_n_0        | u_qspi/mem[11][7]_i_2_n_0 |                1 |              8 |
|  I_qspi_clk_IBUF_BUFG | u_qspi_slave/R_o_addr            | I_qspi_cs_IBUF            |                2 |              8 |
|  clk_IBUF_BUFG        |                                  | u_qspi/mem[11][7]_i_2_n_0 |                7 |             21 |
|  I_qspi_clk_IBUF_BUFG |                                  | I_qspi_cs_IBUF            |                9 |             24 |
|  clk_IBUF_BUFG        | u_qspi/message                   |                           |               25 |             96 |
|  clk_IBUF_BUFG        | u_qspi/md5/E[0]                  |                           |               34 |            128 |
|  clk_IBUF_BUFG        | u_qspi/md5/valid2_out            | u_qspi/md5/current_state  |               33 |            128 |
|  clk_IBUF_BUFG        | u_qspi/md5/valid                 |                           |               29 |            128 |
|  clk_IBUF_BUFG        |                                  | u_qspi/md5/current_state  |               38 |            134 |
+-----------------------+----------------------------------+---------------------------+------------------+----------------+


